\BOOKMARK [0][]{titlepage.0}{\376\377\142\111\230\165}{}% 1
\BOOKMARK [0][]{origtitle.0}{\376\377\123\237\122\033\140\047\130\360\146\016}{}% 2
\BOOKMARK [0][]{authtitle.0}{\376\377\162\110\147\103\117\177\165\050\143\210\147\103\116\146}{}% 3
\BOOKMARK [0][]{abstract.0}{\376\377\144\130\211\201}{}% 4
\BOOKMARK [0][]{toc.0}{\376\377\166\356\137\125}{}% 5
\BOOKMARK [0][]{lof.0}{\376\377\143\322\126\376\175\042\137\025}{}% 6
\BOOKMARK [0][]{lot.0}{\376\377\210\150\150\074\175\042\137\025}{}% 7
\BOOKMARK [0][]{loa.0}{\376\377\173\227\154\325\175\042\137\025}{}% 8
\BOOKMARK [0][]{nomenclature.0}{\376\377\116\073\211\201\173\046\123\367\133\371\161\147\210\150}{}% 9
\BOOKMARK [0][]{chapter.1}{\376\377\173\054\116\000\172\340\000\040\202\071\117\123\217\320\122\250\152\041\127\213}{}% 10
\BOOKMARK [1][-]{section.1.1}{\376\377\0001\000.\0001\000\040\127\120\150\007\174\373}{chapter.1}% 11
\BOOKMARK [2][-]{subsection.1.1.1}{\376\377\0001\000.\0001\000.\0001\000\040\123\027\116\034\127\060\127\120\150\007\174\373}{section.1.1}% 12
\BOOKMARK [2][-]{subsection.1.1.2}{\376\377\0001\000.\0001\000.\0002\000\040\173\033\123\141\134\024\127\120\150\007\174\373}{section.1.1}% 13
\BOOKMARK [2][-]{subsection.1.1.3}{\376\377\0001\000.\0001\000.\0003\000\040\226\217\117\123\127\120\150\007\174\373}{section.1.1}% 14
\BOOKMARK [2][-]{subsection.1.1.4}{\376\377\0001\000.\0001\000.\0004\000\040\217\320\122\250\145\271\172\013}{section.1.1}% 15
\BOOKMARK [1][-]{section.1.2}{\376\377\0001\000.\0002\000\040\155\167\155\013\163\257\130\203\217\175\203\167}{chapter.1}% 16
\BOOKMARK [1][-]{section.1.3}{\376\377\0001\000.\0003\000\040\116\011\201\352\165\061\136\246\144\315\176\265\140\047\145\271\172\013}{chapter.1}% 17
\BOOKMARK [1][-]{section.1.4}{\376\377\0001\000.\0004\000\040\116\011\201\352\165\061\136\246\122\250\122\233\133\232\117\115\145\271\172\013}{chapter.1}% 18
\BOOKMARK [1][-]{section.1.5}{\376\377\0001\000.\0005\000\040\123\125\201\352\165\061\136\246\231\226\124\021\143\247\122\066\145\271\172\013}{chapter.1}% 19
\BOOKMARK [1][-]{section.1.6}{\376\377\0001\000.\0006\000\040\126\333\201\352\165\061\136\246\152\052\144\107\210\145\120\177\144\315\176\265\140\047\145\271\172\013}{chapter.1}% 20
\BOOKMARK [1][-]{section.1.7}{\376\377\0001\000.\0007\000\040\123\302\145\160\217\250\213\306}{chapter.1}% 21
\BOOKMARK [2][-]{subsection.1.7.1}{\376\377\0001\000.\0007\000.\0001\000\040\215\050\221\317}{section.1.7}% 22
\BOOKMARK [0][]{chapter.2}{\376\377\173\054\116\214\172\340\000\040\143\247\122\066\126\150}{}% 23
\BOOKMARK [1][-]{section.2.1}{\376\377\0002\000.\0001\000\040\143\250\122\233\122\006\221\115}{chapter.2}% 24
\BOOKMARK [2][-]{subsection.2.1.1}{\376\377\0002\000.\0001\000.\0001\000\040\143\250\217\333\126\150\173\200\116\313}{section.2.1}% 25
\BOOKMARK [2][-]{subsection.2.1.2}{\376\377\0002\000.\0001\000.\0002\000\040\143\250\122\233\122\006\221\115\152\041\127\213}{section.2.1}% 26
\BOOKMARK [2][-]{subsection.2.1.3}{\376\377\0002\000.\0001\000.\0003\000\040\153\040\232\161\122\250}{section.2.1}% 27
\BOOKMARK [2][-]{subsection.2.1.4}{\376\377\0002\000.\0001\000.\0004\000\040\121\150\232\161\122\250\202\071}{section.2.1}% 28
\BOOKMARK [1][-]{section.2.2}{\376\377\0002\000.\0002\000\040\000P\000I\000D\143\247\122\066\126\150}{chapter.2}% 29
\BOOKMARK [2][-]{subsection.2.2.1}{\376\377\0002\000.\0002\000.\0001\000\040\122\250\122\233\133\232\117\115}{section.2.2}% 30
\BOOKMARK [1][-]{section.2.3}{\376\377\0002\000.\0003\000\040\217\150\217\371\215\337\216\052}{chapter.2}% 31
\BOOKMARK [2][-]{subsection.2.3.1}{\376\377\0002\000.\0003\000.\0001\000\040\211\306\176\277\215\337\216\052\154\325}{section.2.3}% 32
\BOOKMARK [1][-]{section.2.4}{\376\377\0002\000.\0004\000\040\123\302\145\160\217\250\213\306}{chapter.2}% 33
\BOOKMARK [0][]{chapter.3}{\376\377\173\054\116\011\172\340\000\040\211\302\155\113\126\150}{}% 34
\BOOKMARK [1][-]{section.3.1}{\376\377\0003\000.\0001\000\040\171\373\122\250\136\163\127\107\156\344\154\342}{chapter.3}% 35
\BOOKMARK [1][-]{section.3.2}{\376\377\0003\000.\0002\000\040\123\141\134\024\146\374\156\344\154\342}{chapter.3}% 36
\BOOKMARK [2][-]{subsection.3.2.1}{\376\377\0003\000.\0002\000.\0001\000\040\151\202\217\360}{section.3.2}% 37
\BOOKMARK [2][-]{subsection.3.2.2}{\376\377\0003\000.\0002\000.\0002\000\040\152\041\127\213}{section.3.2}% 38
\BOOKMARK [2][-]{subsection.3.2.3}{\376\377\0003\000.\0002\000.\0003\000\040\173\227\154\325}{section.3.2}% 39
\BOOKMARK [2][-]{subsection.3.2.4}{\376\377\0003\000.\0002\000.\0004\000\040\176\317\232\214}{section.3.2}% 40
\BOOKMARK [0][]{chapter.4}{\376\377\173\054\126\333\172\340\000\040\121\263\173\126\116\016\211\304\122\022}{}% 41
\BOOKMARK [1][-]{section.4.1}{\376\377\0004\000.\0001\000\040\215\357\137\204\211\304\122\022}{chapter.4}% 42
\BOOKMARK [2][-]{subsection.4.1.1}{\376\377\0004\000.\0001\000.\0001\000\040\202\052\220\123\117\335\143\001}{section.4.1}% 43
\BOOKMARK [2][-]{subsection.4.1.2}{\376\377\0004\000.\0001\000.\0002\000\040\117\116\220\037\154\312\202\071}{section.4.1}% 44
\BOOKMARK [1][-]{section.4.2}{\376\377\0004\000.\0002\000\040\202\052\176\277\211\304\122\022}{chapter.4}% 45
\BOOKMARK [1][-]{section.4.3}{\376\377\0004\000.\0003\000\040\210\114\116\072\211\304\122\022}{chapter.4}% 46
\BOOKMARK [0][]{chapter.5}{\376\377\173\054\116\224\172\340\000\040\163\257\130\203\141\037\167\345}{}% 47
\BOOKMARK [1][-]{section.5.1}{\376\377\0005\000.\0001\000\040\202\052\155\167\226\367\217\276}{chapter.5}% 48
\BOOKMARK [2][-]{subsection.5.1.1}{\376\377\0005\000.\0001\000.\0001\000\040\000S\000D\000K}{section.5.1}% 49
\BOOKMARK [2][-]{subsection.5.1.2}{\376\377\0005\000.\0001\000.\0002\000\040\166\356\150\007\215\337\216\052}{section.5.1}% 50
\BOOKMARK [1][-]{section.5.2}{\376\377\0005\000.\0002\000\040\213\241\173\227\147\072\211\306\211\311}{chapter.5}% 51
\BOOKMARK [1][-]{section.5.3}{\376\377\0005\000.\0003\000\040\157\300\121\111\226\367\217\276}{chapter.5}% 52
\BOOKMARK [0][]{chapter.6}{\376\377\173\054\121\155\172\340\000\040\117\040\141\037\126\150}{}% 53
\BOOKMARK [1][-]{section.6.1}{\376\377\0006\000.\0001\000\040\121\150\164\003\133\232\117\115\174\373\176\337}{chapter.6}% 54
\BOOKMARK [2][-]{subsection.6.1.1}{\376\377\0006\000.\0001\000.\0001\000\040\000G\000P\000S\133\232\117\115\133\232\124\021\131\051\176\277\000\040\000H\000e\000m\000i\000s\000p\000h\000e\000r\000e\000\040\000V\0001\0000\0002}{section.6.1}% 55
\BOOKMARK [2][-]{subsection.6.1.2}{\376\377\0006\000.\0001\000.\0002\000\040\130\250\123\141\142\130\142\225\137\161}{section.6.1}% 56
\BOOKMARK [1][-]{section.6.2}{\376\377\0006\000.\0002\000\040\140\357\140\047\155\113\221\317\123\125\121\103}{chapter.6}% 57
\BOOKMARK [1][-]{section.6.3}{\376\377\0006\000.\0003\000\040\202\052\155\167\226\367\217\276}{chapter.6}% 58
\BOOKMARK [1][-]{section.6.4}{\376\377\0006\000.\0004\000\040\176\242\131\026\160\355\120\317\116\352}{chapter.6}% 59
\BOOKMARK [1][-]{section.6.5}{\376\377\0006\000.\0005\000\040\230\316\220\037\230\316\124\021\116\352}{chapter.6}% 60
\BOOKMARK [0][]{chapter.7}{\376\377\173\054\116\003\172\340\000\040\174\373\176\337\147\266\147\204}{}% 61
\BOOKMARK [1][-]{section.7.1}{\376\377\0007\000.\0001\000\040\217\157\116\366\174\373\176\337\147\266\147\204}{chapter.7}% 62
\BOOKMARK [1][-]{section.7.2}{\376\377\0007\000.\0002\000\040\165\065\154\024\174\373\176\337\147\266\147\204}{chapter.7}% 63
\BOOKMARK [2][-]{subsection.7.2.1}{\376\377\0007\000.\0002\000.\0001\000\040\000S\000D\000K}{section.7.2}% 64
\BOOKMARK [0][]{chapter.8}{\376\377\173\054\121\153\172\340\000\040\155\156\122\250\117\123}{}% 65
\BOOKMARK [1][-]{section.8.1}{\376\377\0008\000.\0001\000\040\143\322\126\376}{chapter.8}% 66
\BOOKMARK [2][-]{subsection.8.1.1}{\376\377\0008\000.\0001\000.\0001\000\040\123\125\116\052\126\376\137\142}{section.8.1}% 67
\BOOKMARK [2][-]{subsection.8.1.2}{\376\377\0008\000.\0001\000.\0002\000\040\131\032\116\052\126\376\137\142}{section.8.1}% 68
\BOOKMARK [1][-]{section.8.2}{\376\377\0008\000.\0002\000\040\210\150\150\074}{chapter.8}% 69
\BOOKMARK [2][-]{subsection.8.2.1}{\376\377\0008\000.\0002\000.\0001\000\040\127\372\147\054\210\150\150\074}{section.8.2}% 70
\BOOKMARK [2][-]{subsection.8.2.2}{\376\377\0008\000.\0002\000.\0002\000\040\131\015\147\102\210\150\150\074}{section.8.2}% 71
\BOOKMARK [1][-]{section.8.3}{\376\377\0008\000.\0003\000\040\173\227\154\325\163\257\130\203}{chapter.8}% 72
\BOOKMARK [1][-]{section.8.4}{\376\377\0008\000.\0004\000\040\116\343\170\001\163\257\130\203}{chapter.8}% 73
\BOOKMARK [0][]{chapter.9}{\376\377\173\054\116\135\172\340\000\040\145\160\133\146\116\016\137\025\165\050\145\207\163\056\166\204\150\007\154\350}{}% 74
\BOOKMARK [1][-]{section.9.1}{\376\377\0009\000.\0001\000\040\145\160\133\146}{chapter.9}% 75
\BOOKMARK [2][-]{subsection.9.1.1}{\376\377\0009\000.\0001\000.\0001\000\040\145\160\133\127\124\214\123\125\117\115}{section.9.1}% 76
\BOOKMARK [2][-]{subsection.9.1.2}{\376\377\0009\000.\0001\000.\0002\000\040\145\160\133\146\173\046\123\367\124\214\121\154\137\017}{section.9.1}% 77
\BOOKMARK [2][-]{subsection.9.1.3}{\376\377\0009\000.\0001\000.\0003\000\040\133\232\164\006\163\257\130\203}{section.9.1}% 78
\BOOKMARK [1][-]{section.9.2}{\376\377\0009\000.\0002\000\040\137\025\165\050\145\207\163\056\166\204\150\007\154\350}{chapter.9}% 79
\BOOKMARK [0][]{chapter*.36}{\376\377\121\150\145\207\140\073\176\323}{}% 80
\BOOKMARK [0][]{appendix.A}{\376\377\226\104\137\125\000\040\000A\000\040\000M\000a\000x\000w\000e\000l\000l\000\040\000E\000q\000u\000a\000t\000i\000o\000n\000s}{}% 81
\BOOKMARK [0][]{appendix.B}{\376\377\226\104\137\125\000\040\000B\000\040\176\330\122\066\155\101\172\013\126\376}{}% 82
\BOOKMARK [0][]{appendix*.38}{\376\377\123\302\200\003\145\207\163\056}{}% 83
\BOOKMARK [0][]{appendix*.39}{\376\377\201\364\214\042}{}% 84
